2024-07-24 15:17:40,928 - cammer_logger - INFO - Running CAMmer
2024-07-24 15:17:40,929 - cammer_logger - INFO - ['-l', 'F.Cu,In1.Cu,In2.Cu,B.Cu,F.Paste,F.Silkscreen,B.Silkscreen,F.Mask,B.Mask', '-e', 'Edge.Cuts,User.Comments']
2024-07-24 15:17:40,929 - cammer_logger - INFO - CAMMER START: 2024-07-24T15:17:40.929522
2024-07-24 15:17:42,598 - cammer_logger - INFO - 
START: 2024-07-24T15:17:40.929522
Deleting existing C:\Users\Dryw\Documents\GitHub\SparkFun_IoT_Node_LoRaWAN\Hardware\SparkFun_IoT_Node_LoRaWAN.GTL
Renaming C:\Users\Dryw\Documents\GitHub\SparkFun_IoT_Node_LoRaWAN\Hardware\SparkFun_IoT_Node_LoRaWAN-F_Cu.gbr to C:\Users\Dryw\Documents\GitHub\SparkFun_IoT_Node_LoRaWAN\Hardware\SparkFun_IoT_Node_LoRaWAN.GTL
Deleting existing C:\Users\Dryw\Documents\GitHub\SparkFun_IoT_Node_LoRaWAN\Hardware\SparkFun_IoT_Node_LoRaWAN.GL2
Renaming C:\Users\Dryw\Documents\GitHub\SparkFun_IoT_Node_LoRaWAN\Hardware\SparkFun_IoT_Node_LoRaWAN-In1_Cu.gbr to C:\Users\Dryw\Documents\GitHub\SparkFun_IoT_Node_LoRaWAN\Hardware\SparkFun_IoT_Node_LoRaWAN.GL2
Deleting existing C:\Users\Dryw\Documents\GitHub\SparkFun_IoT_Node_LoRaWAN\Hardware\SparkFun_IoT_Node_LoRaWAN.GL3
Renaming C:\Users\Dryw\Documents\GitHub\SparkFun_IoT_Node_LoRaWAN\Hardware\SparkFun_IoT_Node_LoRaWAN-In2_Cu.gbr to C:\Users\Dryw\Documents\GitHub\SparkFun_IoT_Node_LoRaWAN\Hardware\SparkFun_IoT_Node_LoRaWAN.GL3
Deleting existing C:\Users\Dryw\Documents\GitHub\SparkFun_IoT_Node_LoRaWAN\Hardware\SparkFun_IoT_Node_LoRaWAN.GBL
Renaming C:\Users\Dryw\Documents\GitHub\SparkFun_IoT_Node_LoRaWAN\Hardware\SparkFun_IoT_Node_LoRaWAN-B_Cu.gbr to C:\Users\Dryw\Documents\GitHub\SparkFun_IoT_Node_LoRaWAN\Hardware\SparkFun_IoT_Node_LoRaWAN.GBL
Deleting existing C:\Users\Dryw\Documents\GitHub\SparkFun_IoT_Node_LoRaWAN\Hardware\SparkFun_IoT_Node_LoRaWAN.GTP
Renaming C:\Users\Dryw\Documents\GitHub\SparkFun_IoT_Node_LoRaWAN\Hardware\SparkFun_IoT_Node_LoRaWAN-F_Paste.gbr to C:\Users\Dryw\Documents\GitHub\SparkFun_IoT_Node_LoRaWAN\Hardware\SparkFun_IoT_Node_LoRaWAN.GTP
Deleting existing C:\Users\Dryw\Documents\GitHub\SparkFun_IoT_Node_LoRaWAN\Hardware\SparkFun_IoT_Node_LoRaWAN.GTO
Renaming C:\Users\Dryw\Documents\GitHub\SparkFun_IoT_Node_LoRaWAN\Hardware\SparkFun_IoT_Node_LoRaWAN-F_Silkscreen.gbr to C:\Users\Dryw\Documents\GitHub\SparkFun_IoT_Node_LoRaWAN\Hardware\SparkFun_IoT_Node_LoRaWAN.GTO
Deleting existing C:\Users\Dryw\Documents\GitHub\SparkFun_IoT_Node_LoRaWAN\Hardware\SparkFun_IoT_Node_LoRaWAN.GBO
Renaming C:\Users\Dryw\Documents\GitHub\SparkFun_IoT_Node_LoRaWAN\Hardware\SparkFun_IoT_Node_LoRaWAN-B_Silkscreen.gbr to C:\Users\Dryw\Documents\GitHub\SparkFun_IoT_Node_LoRaWAN\Hardware\SparkFun_IoT_Node_LoRaWAN.GBO
Deleting existing C:\Users\Dryw\Documents\GitHub\SparkFun_IoT_Node_LoRaWAN\Hardware\SparkFun_IoT_Node_LoRaWAN.GTS
Renaming C:\Users\Dryw\Documents\GitHub\SparkFun_IoT_Node_LoRaWAN\Hardware\SparkFun_IoT_Node_LoRaWAN-F_Mask.gbr to C:\Users\Dryw\Documents\GitHub\SparkFun_IoT_Node_LoRaWAN\Hardware\SparkFun_IoT_Node_LoRaWAN.GTS
Deleting existing C:\Users\Dryw\Documents\GitHub\SparkFun_IoT_Node_LoRaWAN\Hardware\SparkFun_IoT_Node_LoRaWAN.GBS
Renaming C:\Users\Dryw\Documents\GitHub\SparkFun_IoT_Node_LoRaWAN\Hardware\SparkFun_IoT_Node_LoRaWAN-B_Mask.gbr to C:\Users\Dryw\Documents\GitHub\SparkFun_IoT_Node_LoRaWAN\Hardware\SparkFun_IoT_Node_LoRaWAN.GBS
Deleting existing C:\Users\Dryw\Documents\GitHub\SparkFun_IoT_Node_LoRaWAN\Hardware\SparkFun_IoT_Node_LoRaWAN.GKO
Renaming C:\Users\Dryw\Documents\GitHub\SparkFun_IoT_Node_LoRaWAN\Hardware\SparkFun_IoT_Node_LoRaWAN-Edge_Cuts.gbr to C:\Users\Dryw\Documents\GitHub\SparkFun_IoT_Node_LoRaWAN\Hardware\SparkFun_IoT_Node_LoRaWAN.GKO
Drill report: C:\Users\Dryw\Documents\GitHub\SparkFun_IoT_Node_LoRaWAN\Hardware\drill_report.rpt

2024-07-24 15:17:44,224 - cammer_logger - INFO - CAMmer complete
