Drill report for SparkFun_IoT_Node_LoRaWAN.kicad_pcb
Created on 2024-07-24T15:17:42-0600

Copper Layer Stackup:
    =============================================================
    L1 :  F.Cu                      front
    L2 :  In1.Cu                    in1
    L3 :  In2.Cu                    in2
    L4 :  B.Cu                      back


Drill file 'SparkFun_IoT_Node_LoRaWAN.drl' contains
    plated through holes:
    =============================================================
    T1  0.300mm  0.0118"  (274 holes)
    T2  0.600mm  0.0236"  (8 holes)  (with 8 slots)
    T3  1.016mm  0.0400"  (53 holes)

    Total plated holes count 335


Not plated through holes are merged with plated holes
    unplated through holes:
    =============================================================
    T4  0.650mm  0.0256"  (4 holes)
    T5  0.850mm  0.0335"  (2 holes)
    T6  3.302mm  0.1300"  (4 holes)

    Total unplated holes count 10
