2024-11-04 11:07:43,802 - cammer_logger - INFO - Running CAMmer
2024-11-04 11:07:43,803 - cammer_logger - INFO - ['-l', 'F.Cu,In1.Cu,In2.Cu,B.Cu,F.Paste,B.Paste,F.Silkscreen,B.Silkscreen,F.Mask,B.Mask', '-e', 'Edge.Cuts,User.1']
2024-11-04 11:07:43,804 - cammer_logger - INFO - CAMMER START: 2024-11-04T11:07:43.804295
2024-11-04 11:07:50,785 - cammer_logger - INFO - 
START: 2024-11-04T11:07:43.804295
Board saved by user.
Zones filled by user.
Renaming C:/Users/Dryw/Documents/GitHub/SparkFun_IoT_Node_LoRaWAN/Hardware/Production/SparkFun_IoT_Node_LoRaWAN_panelized-F_Cu.gbr to C:/Users/Dryw/Documents/GitHub/SparkFun_IoT_Node_LoRaWAN/Hardware/Production/SparkFun_IoT_Node_LoRaWAN_panelized.GTL
Renaming C:/Users/Dryw/Documents/GitHub/SparkFun_IoT_Node_LoRaWAN/Hardware/Production/SparkFun_IoT_Node_LoRaWAN_panelized-In1_Cu.gbr to C:/Users/Dryw/Documents/GitHub/SparkFun_IoT_Node_LoRaWAN/Hardware/Production/SparkFun_IoT_Node_LoRaWAN_panelized.GL2
Renaming C:/Users/Dryw/Documents/GitHub/SparkFun_IoT_Node_LoRaWAN/Hardware/Production/SparkFun_IoT_Node_LoRaWAN_panelized-In2_Cu.gbr to C:/Users/Dryw/Documents/GitHub/SparkFun_IoT_Node_LoRaWAN/Hardware/Production/SparkFun_IoT_Node_LoRaWAN_panelized.GL3
Renaming C:/Users/Dryw/Documents/GitHub/SparkFun_IoT_Node_LoRaWAN/Hardware/Production/SparkFun_IoT_Node_LoRaWAN_panelized-B_Cu.gbr to C:/Users/Dryw/Documents/GitHub/SparkFun_IoT_Node_LoRaWAN/Hardware/Production/SparkFun_IoT_Node_LoRaWAN_panelized.GBL
Renaming C:/Users/Dryw/Documents/GitHub/SparkFun_IoT_Node_LoRaWAN/Hardware/Production/SparkFun_IoT_Node_LoRaWAN_panelized-F_Paste.gbr to C:/Users/Dryw/Documents/GitHub/SparkFun_IoT_Node_LoRaWAN/Hardware/Production/SparkFun_IoT_Node_LoRaWAN_panelized.GTP
Renaming C:/Users/Dryw/Documents/GitHub/SparkFun_IoT_Node_LoRaWAN/Hardware/Production/SparkFun_IoT_Node_LoRaWAN_panelized-B_Paste.gbr to C:/Users/Dryw/Documents/GitHub/SparkFun_IoT_Node_LoRaWAN/Hardware/Production/SparkFun_IoT_Node_LoRaWAN_panelized.GBP
Renaming C:/Users/Dryw/Documents/GitHub/SparkFun_IoT_Node_LoRaWAN/Hardware/Production/SparkFun_IoT_Node_LoRaWAN_panelized-F_Silkscreen.gbr to C:/Users/Dryw/Documents/GitHub/SparkFun_IoT_Node_LoRaWAN/Hardware/Production/SparkFun_IoT_Node_LoRaWAN_panelized.GTO
Renaming C:/Users/Dryw/Documents/GitHub/SparkFun_IoT_Node_LoRaWAN/Hardware/Production/SparkFun_IoT_Node_LoRaWAN_panelized-B_Silkscreen.gbr to C:/Users/Dryw/Documents/GitHub/SparkFun_IoT_Node_LoRaWAN/Hardware/Production/SparkFun_IoT_Node_LoRaWAN_panelized.GBO
Renaming C:/Users/Dryw/Documents/GitHub/SparkFun_IoT_Node_LoRaWAN/Hardware/Production/SparkFun_IoT_Node_LoRaWAN_panelized-F_Mask.gbr to C:/Users/Dryw/Documents/GitHub/SparkFun_IoT_Node_LoRaWAN/Hardware/Production/SparkFun_IoT_Node_LoRaWAN_panelized.GTS
Renaming C:/Users/Dryw/Documents/GitHub/SparkFun_IoT_Node_LoRaWAN/Hardware/Production/SparkFun_IoT_Node_LoRaWAN_panelized-B_Mask.gbr to C:/Users/Dryw/Documents/GitHub/SparkFun_IoT_Node_LoRaWAN/Hardware/Production/SparkFun_IoT_Node_LoRaWAN_panelized.GBS
Renaming C:/Users/Dryw/Documents/GitHub/SparkFun_IoT_Node_LoRaWAN/Hardware/Production/SparkFun_IoT_Node_LoRaWAN_panelized-Edge_Cuts.gbr to C:/Users/Dryw/Documents/GitHub/SparkFun_IoT_Node_LoRaWAN/Hardware/Production/SparkFun_IoT_Node_LoRaWAN_panelized.GKO
Drill report: C:\Users\Dryw\Documents\GitHub\SparkFun_IoT_Node_LoRaWAN\Hardware\Production\drill_report.rpt

2024-11-04 11:07:53,149 - cammer_logger - INFO - CAMmer complete
